\BOOKMARK [0][-]{chapter.1}{1 Introduction}{}% 1
\BOOKMARK [1][-]{section.1.1}{1.1 Overview}{chapter.1}% 2
\BOOKMARK [1][-]{section.1.2}{1.2 Purpose and recipients of the document}{chapter.1}% 3
\BOOKMARK [1][-]{section.1.3}{1.3 Application Domain}{chapter.1}% 4
\BOOKMARK [1][-]{section.1.4}{1.4 Definitions, acronyms and abbreviations}{chapter.1}% 5
\BOOKMARK [1][-]{section.1.5}{1.5 Document structure}{chapter.1}% 6
\BOOKMARK [0][-]{chapter.2}{2 General Description}{}% 7
\BOOKMARK [1][-]{section.2.1}{2.1 Domain Stakeholders}{chapter.2}% 8
\BOOKMARK [1][-]{section.2.2}{2.2 System's Actors}{chapter.2}% 9
\BOOKMARK [1][-]{section.2.3}{2.3 Use Cases Model}{chapter.2}% 10
\BOOKMARK [2][-]{subsection.2.3.1}{2.3.1 Use Cases}{section.2.3}% 11
\BOOKMARK [2][-]{subsection.2.3.2}{2.3.2 Use Case Instance\(s\)}{section.2.3}% 12
\BOOKMARK [0][-]{chapter.3}{3 Environment Model}{}% 13
\BOOKMARK [1][-]{section.3.1}{3.1 Environment model view\(s\)}{chapter.3}% 14
\BOOKMARK [1][-]{section.3.2}{3.2 Actors and Interfaces Descriptions}{chapter.3}% 15
\BOOKMARK [0][-]{chapter.4}{4 Concept Model}{}% 16
\BOOKMARK [1][-]{section.4.1}{4.1 Concept Model view\(s\)}{chapter.4}% 17
\BOOKMARK [1][-]{section.4.2}{4.2 Concept Model Types Descriptions}{chapter.4}% 18
\BOOKMARK [2][-]{subsection.4.2.1}{4.2.1 Primary types - Class types descriptions}{section.4.2}% 19
\BOOKMARK [2][-]{subsection.4.2.2}{4.2.2 Primary types - Datatypes types descriptions}{section.4.2}% 20
\BOOKMARK [2][-]{subsection.4.2.3}{4.2.3 Primary types - Association types descriptions}{section.4.2}% 21
\BOOKMARK [2][-]{subsection.4.2.4}{4.2.4 Primary types - Aggregation types descriptions}{section.4.2}% 22
\BOOKMARK [2][-]{subsection.4.2.5}{4.2.5 Secondary types - Class types descriptions}{section.4.2}% 23
\BOOKMARK [2][-]{subsection.4.2.6}{4.2.6 Secondary types - Datatypes types descriptions}{section.4.2}% 24
\BOOKMARK [2][-]{subsection.4.2.7}{4.2.7 Secondary types - Association types descriptions}{section.4.2}% 25
\BOOKMARK [2][-]{subsection.4.2.8}{4.2.8 Secondary types - Aggregation types descriptions}{section.4.2}% 26
\BOOKMARK [2][-]{subsection.4.2.9}{4.2.9 Secondary types - Composition types descriptions}{section.4.2}% 27
\BOOKMARK [0][-]{chapter.5}{5 Operation Model}{}% 28
\BOOKMARK [1][-]{section.5.1}{5.1 Environment - Out Interface Operation Schemes}{chapter.5}% 29
\BOOKMARK [1][-]{section.5.2}{5.2 Environment - Actor Operation Schemes}{chapter.5}% 30
\BOOKMARK [1][-]{section.5.3}{5.3 Primary Types - Operation Schemes for Classes}{chapter.5}% 31
\BOOKMARK [1][-]{section.5.4}{5.4 Primary Types - Operation Schemes for Datatypes}{chapter.5}% 32
\BOOKMARK [1][-]{section.5.5}{5.5 Primary Types - Operation Schemes for Enumerations}{chapter.5}% 33
\BOOKMARK [1][-]{section.5.6}{5.6 Secondary Types - Operation Schemes for Classes}{chapter.5}% 34
\BOOKMARK [1][-]{section.5.7}{5.7 Secondary Types - Operation Schemes for Datatypes}{chapter.5}% 35
\BOOKMARK [1][-]{section.5.8}{5.8 Secondary Types - Operation Schemes for Enumerations}{chapter.5}% 36
\BOOKMARK [0][-]{chapter.6}{6 Test Model\(s\)}{}% 37
\BOOKMARK [0][-]{chapter.7}{7 Additional Constraints}{}% 38
\BOOKMARK [0][-]{appendix.A}{A Undocumented Messir Specification Elements}{}% 39
\BOOKMARK [1][-]{section.A.1}{A.1 Undocumented Use Cases}{appendix.A}% 40
\BOOKMARK [2][-]{subsection.A.1.1}{A.1.1 Undocumented Use Cases - Summary Level}{section.A.1}% 41
\BOOKMARK [2][-]{subsection.A.1.2}{A.1.2 Undocumented Use Cases - Subfunction Level}{section.A.1}% 42
\BOOKMARK [1][-]{section.A.2}{A.2 Undocumented Actors}{appendix.A}% 43
\BOOKMARK [1][-]{section.A.3}{A.3 Undocumented Primary Types}{appendix.A}% 44
\BOOKMARK [2][-]{subsection.A.3.1}{A.3.1 Undocumented Primary Classe Types}{section.A.3}% 45
\BOOKMARK [2][-]{subsection.A.3.2}{A.3.2 Undocumented Primary Datatype Types}{section.A.3}% 46
\BOOKMARK [2][-]{subsection.A.3.3}{A.3.3 Undocumented Primary Enumeration Types}{section.A.3}% 47
\BOOKMARK [1][-]{section.A.4}{A.4 Undocumented Operation Specifications}{appendix.A}% 48
\BOOKMARK [0][-]{appendix.B}{B Messir Specification Files Listing}{}% 49
\BOOKMARK [1][-]{section.B.1}{B.1 File /src-gen/messir-spec/.views.msr}{appendix.B}% 50
\BOOKMARK [1][-]{section.B.2}{B.2 File /src-gen/messir-spec/environment/environment.msr}{appendix.B}% 51
\BOOKMARK [1][-]{section.B.3}{B.3 File /src-gen/messir-spec/concepts.../primarytypes-associations.msr}{appendix.B}% 52
\BOOKMARK [1][-]{section.B.4}{B.4 File /src-gen/messir-spec/concepts/primarytypes-classes/primarytypes-classes.msr}{appendix.B}% 53
\BOOKMARK [1][-]{section.B.5}{B.5 File /src-gen/messir-spec/concepts.../primarytypes-datatypes.msr}{appendix.B}% 54
\BOOKMARK [1][-]{section.B.6}{B.6 File /src-gen/messir-spec/concepts.../secondarytypes-associations.msr}{appendix.B}% 55
\BOOKMARK [1][-]{section.B.7}{B.7 File /src-gen/messir-spec/concepts.../secondarytypes-classes.msr}{appendix.B}% 56
\BOOKMARK [1][-]{section.B.8}{B.8 File /src-gen/messir-spec/concepts.../secondarytypes-datatypes.msr}{appendix.B}% 57
\BOOKMARK [1][-]{section.B.9}{B.9 File /src-gen/messir-spec/tests/tests.msr}{appendix.B}% 58
\BOOKMARK [1][-]{section.B.10}{B.10 File /src-gen/messir-spec/usecases/usecases.msr}{appendix.B}% 59
